<?xml version="1.0" encoding="UTF-8"?>
<!-- Generated by org.testng.reporters.JUnitReportReporter -->
<testsuite skipped="0" hostname="asda1774po02529" name="com.qainfotech.testng.AppTest" tests="1" failures="0" timestamp="05 Feb 2019 12:14:06 GMT" time="0.011" errors="0">
  <testcase name="testApp" time="0.011" classname="com.qainfotech.testng.AppTest"/>
</testsuite> <!-- com.qainfotech.testng.AppTest -->
