<?xml version="1.0" encoding="UTF-8"?>
<!-- Generated by org.testng.reporters.JUnitReportReporter -->
<testsuite skipped="0" hostname="asda1774po02529" name="com.qainfotech.testng.TestConsecutiveString" tests="1" failures="0" timestamp="05 Feb 2019 12:20:51 GMT" time="0.008" errors="0">
  <testcase name="testConsecutiveString" time="0.008" classname="com.qainfotech.testng.TestConsecutiveString"/>
</testsuite> <!-- com.qainfotech.testng.TestConsecutiveString -->
